<?xml version="1.0" encoding="UTF-8"?>
<!-- Generated by org.testng.reporters.JUnitReportReporter -->
<testsuite hostname="DESKTOP-70TT9AU" failures="0" tests="1" name="IncubyteWebAutomation.Tests.SelectCreateAccount" time="89.022" errors="0" timestamp="2025-02-26T12:23:49 IST" skipped="0">
  <testcase classname="IncubyteWebAutomation.Tests.SelectCreateAccount" name="test1" time="89.022"/>
  <system-out/>
</testsuite> <!-- IncubyteWebAutomation.Tests.SelectCreateAccount -->
