<?xml version="1.0" encoding="UTF-8"?>
<!-- Generated by org.testng.reporters.JUnitReportReporter -->
<testsuite hostname="DESKTOP-70TT9AU" failures="0" tests="1" name="IncubyteWebAutomation.Tests.SelectCreateAccount" time="117.560" errors="0" timestamp="2025-02-24T20:53:12 IST" skipped="0">
  <testcase classname="IncubyteWebAutomation.Tests.SelectCreateAccount" name="test1" time="117.560"/>
  <system-out/>
</testsuite> <!-- IncubyteWebAutomation.Tests.SelectCreateAccount -->
