<?xml version="1.0" encoding="UTF-8"?>
<!-- Generated by org.testng.reporters.JUnitReportReporter -->
<testsuite hostname="DESKTOP-70TT9AU" failures="0" tests="3" name="IncubyteWebAutomation.Tests.ErrorValidation" time="183.067" errors="0" timestamp="2025-02-24T20:53:12 IST" skipped="0">
  <testcase classname="IncubyteWebAutomation.Tests.ErrorValidation" name="ErrorValidationForInvalidPassword" time="43.964"/>
  <system-out/>
  <testcase classname="IncubyteWebAutomation.Tests.ErrorValidation" name="PasswordNotSame" time="99.125"/>
  <system-out/>
  <testcase classname="IncubyteWebAutomation.Tests.ErrorValidation" name="ErrorValidationForInvalidEmail" time="39.978"/>
  <system-out/>
</testsuite> <!-- IncubyteWebAutomation.Tests.ErrorValidation -->
