<?xml version="1.0" encoding="UTF-8"?>
<!-- Generated by org.testng.reporters.JUnitReportReporter -->
<testsuite hostname="DESKTOP-70TT9AU" failures="0" tests="1" name="IncubyteWebAutomation.Tests.SelectCreateAccount" time="10.378" errors="0" timestamp="2025-03-03T00:18:10 IST" skipped="0">
  <testcase classname="IncubyteWebAutomation.Tests.SelectCreateAccount" name="test1" time="10.378"/>
  <system-out/>
</testsuite> <!-- IncubyteWebAutomation.Tests.SelectCreateAccount -->
