<?xml version="1.0" encoding="UTF-8"?>
<!-- Generated by org.testng.reporters.JUnitReportReporter -->
<testsuite hostname="DESKTOP-70TT9AU" failures="0" tests="2" name="IncubyteWebAutomation.Tests.SelectSignIn" time="199.568" errors="0" timestamp="2025-02-24T20:53:12 IST" skipped="0">
  <testcase classname="IncubyteWebAutomation.Tests.SelectSignIn" name="test1" time="161.915"/>
  <system-out/>
  <testcase classname="IncubyteWebAutomation.Tests.SelectSignIn" name="test1" time="37.653"/>
  <system-out/>
</testsuite> <!-- IncubyteWebAutomation.Tests.SelectSignIn -->
