<?xml version="1.0" encoding="UTF-8"?>
<!-- Generated by org.testng.reporters.JUnitReportReporter -->
<testsuite hostname="DESKTOP-70TT9AU" failures="0" tests="1" name="cucumber.TestNGTestRunner" time="18.019" errors="0" timestamp="2025-03-02T23:10:21 IST" skipped="0">
  <testcase classname="cucumber.TestNGTestRunner" name="runScenario" time="18.019"/>
  <system-out/>
</testsuite> <!-- cucumber.TestNGTestRunner -->
