<?xml version="1.0" encoding="UTF-8"?>
<!-- Generated by org.testng.reporters.JUnitReportReporter -->
<testsuite hostname="DESKTOP-70TT9AU" failures="0" tests="3" name="IncubyteWebAutomation.Tests.ErrorValidation" time="191.099" errors="0" timestamp="2025-02-26T12:23:49 IST" skipped="0">
  <testcase classname="IncubyteWebAutomation.Tests.ErrorValidation" name="ErrorValidationForInvalidEmail" time="78.090"/>
  <system-out/>
  <testcase classname="IncubyteWebAutomation.Tests.ErrorValidation" name="PasswordNotSame" time="56.159"/>
  <system-out/>
  <testcase classname="IncubyteWebAutomation.Tests.ErrorValidation" name="ErrorValidationForInvalidPassword" time="56.850"/>
  <system-out/>
</testsuite> <!-- IncubyteWebAutomation.Tests.ErrorValidation -->
