<?xml version="1.0" encoding="UTF-8"?>
<!-- Generated by org.testng.reporters.JUnitReportReporter -->
<testsuite hostname="DESKTOP-70TT9AU" failures="0" tests="3" name="IncubyteWebAutomation.Tests.ErrorValidation" time="59.455" errors="0" timestamp="2025-03-03T00:18:10 IST" skipped="0">
  <testcase classname="IncubyteWebAutomation.Tests.ErrorValidation" name="ErrorValidationForInvalidEmail" time="37.680"/>
  <system-out/>
  <testcase classname="IncubyteWebAutomation.Tests.ErrorValidation" name="ErrorValidationForInvalidPassword" time="7.402"/>
  <system-out/>
  <testcase classname="IncubyteWebAutomation.Tests.ErrorValidation" name="PasswordNotSame" time="14.373"/>
  <system-out/>
</testsuite> <!-- IncubyteWebAutomation.Tests.ErrorValidation -->
