<?xml version="1.0" encoding="UTF-8"?>
<!-- Generated by org.testng.reporters.JUnitReportReporter -->
<testsuite hostname="DESKTOP-70TT9AU" failures="0" tests="2" name="IncubyteWebAutomation.Tests.SelectSignIn" time="24.874" errors="0" timestamp="2025-03-03T00:18:10 IST" skipped="0">
  <testcase classname="IncubyteWebAutomation.Tests.SelectSignIn" name="test1" time="10.075"/>
  <system-out/>
  <testcase classname="IncubyteWebAutomation.Tests.SelectSignIn" name="test1" time="14.799"/>
  <system-out/>
</testsuite> <!-- IncubyteWebAutomation.Tests.SelectSignIn -->
