<?xml version="1.0" encoding="UTF-8"?>
<!-- Generated by org.testng.reporters.JUnitReportReporter -->
<testsuite hostname="DESKTOP-70TT9AU" failures="0" tests="2" name="IncubyteWebAutomation.Tests.SelectSignIn" time="149.626" errors="0" timestamp="2025-02-26T12:23:49 IST" skipped="0">
  <testcase classname="IncubyteWebAutomation.Tests.SelectSignIn" name="test1" time="74.296"/>
  <system-out/>
  <testcase classname="IncubyteWebAutomation.Tests.SelectSignIn" name="test1" time="75.330"/>
  <system-out/>
</testsuite> <!-- IncubyteWebAutomation.Tests.SelectSignIn -->
