<?xml version="1.0" encoding="UTF-8"?>
<!-- Generated by org.testng.reporters.JUnitReportReporter -->
<testsuite hostname="DESKTOP-70TT9AU" failures="0" tests="1" name="IncubyteWebAutomation.Tests.StandAloneTest" time="48.467" errors="0" timestamp="2025-02-24T06:44:49 IST" skipped="0">
  <testcase classname="IncubyteWebAutomation.Tests.StandAloneTest" name="kittu" time="48.467"/>
  <system-out/>
</testsuite> <!-- IncubyteWebAutomation.Tests.StandAloneTest -->
