<?xml version="1.0" encoding="UTF-8"?>
<!-- Generated by org.testng.reporters.JUnitReportReporter -->
<testsuite hostname="DESKTOP-70TT9AU" failures="0" tests="3" name="IncubyteWebAutomation.Tests.ErrorValidation" time="171.566" errors="0" timestamp="2025-02-25T14:53:18 IST" skipped="0">
  <testcase classname="IncubyteWebAutomation.Tests.ErrorValidation" name="PasswordNotSame" time="86.791"/>
  <system-out/>
  <testcase classname="IncubyteWebAutomation.Tests.ErrorValidation" name="ErrorValidationForInvalidEmail" time="43.185"/>
  <system-out/>
  <testcase classname="IncubyteWebAutomation.Tests.ErrorValidation" name="ErrorValidationForInvalidPassword" time="41.590"/>
  <system-out/>
</testsuite> <!-- IncubyteWebAutomation.Tests.ErrorValidation -->
