<?xml version="1.0" encoding="UTF-8"?>
<!-- Generated by org.testng.reporters.JUnitReportReporter -->
<testsuite hostname="DESKTOP-70TT9AU" failures="0" tests="1" name="IncubyteWebAutomation.Tests.SelectCreateAccount" time="95.514" errors="0" timestamp="2025-02-25T14:53:18 IST" skipped="0">
  <testcase classname="IncubyteWebAutomation.Tests.SelectCreateAccount" name="test1" time="95.514"/>
  <system-out/>
</testsuite> <!-- IncubyteWebAutomation.Tests.SelectCreateAccount -->
