<?xml version="1.0" encoding="UTF-8"?>
<!-- Generated by org.testng.reporters.JUnitReportReporter -->
<testsuite hostname="DESKTOP-70TT9AU" failures="0" tests="2" name="IncubyteWebAutomation.Tests.SelectSignIn" time="176.147" errors="0" timestamp="2025-02-25T14:53:18 IST" skipped="0">
  <testcase classname="IncubyteWebAutomation.Tests.SelectSignIn" name="test1" time="58.327"/>
  <system-out/>
  <testcase classname="IncubyteWebAutomation.Tests.SelectSignIn" name="test1" time="117.820"/>
  <system-out/>
</testsuite> <!-- IncubyteWebAutomation.Tests.SelectSignIn -->
